c:\users\curre\source\repos\humancounter\humancounter\x64\debug\vc141.pdb
c:\users\curre\source\repos\humancounter\humancounter\x64\debug\.netframework,version=v4.6.1.assemblyattributes.obj
c:\users\curre\source\repos\humancounter\humancounter\x64\debug\.netframework,version=v4.6.1.assemblyattributes.asm
c:\users\curre\source\repos\humancounter\humancounter\x64\debug\humancounting.obj
c:\users\curre\source\repos\humancounter\humancounter\x64\debug\mainform.obj
c:\users\curre\source\repos\humancounter\humancounter\x64\debug\humancounter.mainform.resources
c:\users\curre\source\repos\humancounter\humancounter\x64\debug\humancounter.vcxproj.generateresource.cache
c:\users\curre\source\repos\humancounter\humancounter\x64\debug\humancounter.vcxprojresolveassemblyreference.cache
c:\users\curre\source\repos\humancounter\x64\debug\humancounter.pdb
c:\users\curre\source\repos\humancounter\humancounter\x64\debug\humancounter.tlog\cl.command.1.tlog
c:\users\curre\source\repos\humancounter\humancounter\x64\debug\humancounter.tlog\cl.read.1.tlog
c:\users\curre\source\repos\humancounter\humancounter\x64\debug\humancounter.tlog\cl.write.1.tlog
c:\users\curre\source\repos\humancounter\humancounter\x64\debug\humancounter.tlog\humancounter.write.1u.tlog
c:\users\curre\source\repos\humancounter\humancounter\x64\debug\humancounter.tlog\link.8344-cvtres.read.1.tlog
c:\users\curre\source\repos\humancounter\humancounter\x64\debug\humancounter.tlog\link.8344-cvtres.write.1.tlog
c:\users\curre\source\repos\humancounter\humancounter\x64\debug\humancounter.tlog\link.8344-rc.read.1.tlog
c:\users\curre\source\repos\humancounter\humancounter\x64\debug\humancounter.tlog\link.8344-rc.write.1.tlog
c:\users\curre\source\repos\humancounter\humancounter\x64\debug\humancounter.tlog\link.8344.read.1.tlog
c:\users\curre\source\repos\humancounter\humancounter\x64\debug\humancounter.tlog\link.8344.write.1.tlog
c:\users\curre\source\repos\humancounter\humancounter\x64\debug\humancounter.tlog\link.command.1.tlog
c:\users\curre\source\repos\humancounter\humancounter\x64\debug\humancounter.tlog\link.read.1.tlog
c:\users\curre\source\repos\humancounter\humancounter\x64\debug\humancounter.tlog\link.write.1.tlog
c:\users\curre\source\repos\humancounter\humancounter\x64\debug\humancounter.tlog\metagen.read.1.tlog
c:\users\curre\source\repos\humancounter\humancounter\x64\debug\humancounter.tlog\metagen.write.1.tlog
c:\users\curre\source\repos\humancounter\humancounter\x64\debug\humancounter.tlog\tzres.dll.bi
